[    0.000000] Linux version 4.15.0-106-generic (buildd@lcy01-amd64-016) (gcc version 7.5.0 (Ubuntu 7.5.0-3ubuntu1~18.04)) #107-Ubuntu SMP Thu Jun 4 11:27:52 UTC 2020 (Ubuntu 4.15.0-106.107-generic 4.15.18)
[    0.000000] Command line: BOOT_IMAGE=/boot/vmlinuz-4.15.0-106-generic root=LABEL=cloudimg-rootfs ro console=tty1 console=ttyS0
[    0.000000] KERNEL supported cpus:
[    0.000000]   Intel GenuineIntel
[    0.000000]   AMD AuthenticAMD
[    0.000000]   Centaur CentaurHauls
[    0.000000] x86/fpu: x87 FPU will use FXSAVE
[    0.000000] e820: BIOS-provided physical RAM map:
[    0.000000] BIOS-e820: [mem 0x0000000000000000-0x000000000009fbff] usable
[    0.000000] BIOS-e820: [mem 0x000000000009fc00-0x000000000009ffff] reserved
[    0.000000] BIOS-e820: [mem 0x00000000000f0000-0x00000000000fffff] reserved
[    0.000000] BIOS-e820: [mem 0x0000000000100000-0x000000003ffeffff] usable
[    0.000000] BIOS-e820: [mem 0x000000003fff0000-0x000000003fffffff] ACPI data
[    0.000000] BIOS-e820: [mem 0x00000000fec00000-0x00000000fec00fff] reserved
[    0.000000] BIOS-e820: [mem 0x00000000fee00000-0x00000000fee00fff] reserved
[    0.000000] BIOS-e820: [mem 0x00000000fffc0000-0x00000000ffffffff] reserved
[    0.000000] NX (Execute Disable) protection: active
[    0.000000] SMBIOS 2.5 present.
[    0.000000] DMI: innotek GmbH VirtualBox/VirtualBox, BIOS VirtualBox 12/01/2006
[    0.000000] Hypervisor detected: KVM
[    0.000000] e820: last_pfn = 0x3fff0 max_arch_pfn = 0x400000000
[    0.000000] MTRR: Disabled
[    0.000000] x86/PAT: MTRRs disabled, skipping PAT initialization too.
[    0.000000] CPU MTRRs all blank - virtualized system.
[    0.000000] x86/PAT: Configuration [0-7]: WB  WT  UC- UC  WB  WT  UC- UC  
[    0.000000] found SMP MP-table at [mem 0x0009fff0-0x0009ffff]
[    0.000000] Scanning 1 areas for low memory corruption
[    0.000000] RAMDISK: [mem 0x35a6b000-0x36d2cfff]
[    0.000000] ACPI: Early table checksum verification disabled
[    0.000000] ACPI: RSDP 0x00000000000E0000 000024 (v02 VBOX  )
[    0.000000] ACPI: XSDT 0x000000003FFF0030 00003C (v01 VBOX   VBOXXSDT 00000001 ASL  00000061)
[    0.000000] ACPI: FACP 0x000000003FFF00F0 0000F4 (v04 VBOX   VBOXFACP 00000001 ASL  00000061)
[    0.000000] ACPI: DSDT 0x000000003FFF0470 002325 (v02 VBOX   VBOXBIOS 00000002 INTL 20100528)
[    0.000000] ACPI: FACS 0x000000003FFF0200 000040
[    0.000000] ACPI: FACS 0x000000003FFF0200 000040
[    0.000000] ACPI: APIC 0x000000003FFF0240 000054 (v02 VBOX   VBOXAPIC 00000001 ASL  00000061)
[    0.000000] ACPI: SSDT 0x000000003FFF02A0 0001CC (v01 VBOX   VBOXCPUT 00000002 INTL 20100528)
[    0.000000] No NUMA configuration found
[    0.000000] Faking a node at [mem 0x0000000000000000-0x000000003ffeffff]
[    0.000000] NODE_DATA(0) allocated [mem 0x3ffc5000-0x3ffeffff]
[    0.000000] kvm-clock: cpu 0, msr 0:3ff44001, primary cpu clock
[    0.000000] kvm-clock: Using msrs 4b564d01 and 4b564d00
[    0.000000] kvm-clock: using sched offset of 4691839177 cycles
[    0.000000] clocksource: kvm-clock: mask: 0xffffffffffffffff max_cycles: 0x1cd42e4dffb, max_idle_ns: 881590591483 ns
[    0.000000] Zone ranges:
[    0.000000]   DMA      [mem 0x0000000000001000-0x0000000000ffffff]
[    0.000000]   DMA32    [mem 0x0000000001000000-0x000000003ffeffff]
[    0.000000]   Normal   empty
[    0.000000]   Device   empty
[    0.000000] Movable zone start for each node
[    0.000000] Early memory node ranges
[    0.000000]   node   0: [mem 0x0000000000001000-0x000000000009efff]
[    0.000000]   node   0: [mem 0x0000000000100000-0x000000003ffeffff]
[    0.000000] Reserved but unavailable: 98 pages
[    0.000000] Initmem setup node 0 [mem 0x0000000000001000-0x000000003ffeffff]
[    0.000000] ACPI: PM-Timer IO Port: 0x4008
[    0.000000] IOAPIC[0]: apic_id 1, version 32, address 0xfec00000, GSI 0-23
[    0.000000] ACPI: INT_SRC_OVR (bus 0 bus_irq 0 global_irq 2 dfl dfl)
[    0.000000] ACPI: INT_SRC_OVR (bus 0 bus_irq 9 global_irq 9 low level)
[    0.000000] Using ACPI (MADT) for SMP configuration information
[    0.000000] smpboot: Allowing 1 CPUs, 0 hotplug CPUs
[    0.000000] PM: Registered nosave memory: [mem 0x00000000-0x00000fff]
[    0.000000] PM: Registered nosave memory: [mem 0x0009f000-0x0009ffff]
[    0.000000] PM: Registered nosave memory: [mem 0x000a0000-0x000effff]
[    0.000000] PM: Registered nosave memory: [mem 0x000f0000-0x000fffff]
[    0.000000] e820: [mem 0x40000000-0xfebfffff] available for PCI devices
[    0.000000] Booting paravirtualized kernel on KVM
[    0.000000] clocksource: refined-jiffies: mask: 0xffffffff max_cycles: 0xffffffff, max_idle_ns: 7645519600211568 ns
[    0.000000] random: get_random_bytes called from start_kernel+0x99/0x4fd with crng_init=0
[    0.000000] setup_percpu: NR_CPUS:8192 nr_cpumask_bits:1 nr_cpu_ids:1 nr_node_ids:1
[    0.000000] percpu: Embedded 45 pages/cpu s147456 r8192 d28672 u2097152
[    0.000000] PV qspinlock hash table entries: 256 (order: 0, 4096 bytes)
[    0.000000] Built 1 zonelists, mobility grouping on.  Total pages: 257913
[    0.000000] Policy zone: DMA32
[    0.000000] Kernel command line: BOOT_IMAGE=/boot/vmlinuz-4.15.0-106-generic root=LABEL=cloudimg-rootfs ro console=tty1 console=ttyS0
[    0.000000] Memory: 983224K/1048120K available (12300K kernel code, 2481K rwdata, 4272K rodata, 2436K init, 2720K bss, 64896K reserved, 0K cma-reserved)
[    0.000000] SLUB: HWalign=64, Order=0-3, MinObjects=0, CPUs=1, Nodes=1
[    0.000000] Kernel/User page tables isolation: enabled
[    0.000000] ftrace: allocating 39378 entries in 154 pages
[    0.004000] Hierarchical RCU implementation.
[    0.004000] 	RCU restricting CPUs from NR_CPUS=8192 to nr_cpu_ids=1.
[    0.004000] 	Tasks RCU enabled.
[    0.004000] RCU: Adjusting geometry for rcu_fanout_leaf=16, nr_cpu_ids=1
[    0.004000] NR_IRQS: 524544, nr_irqs: 256, preallocated irqs: 16
[    0.004000] Console: colour VGA+ 80x25
[    0.004000] console [tty1] enabled
[    0.004000] console [ttyS0] enabled
[    0.004000] ACPI: Core revision 20170831
[    0.004000] ACPI: 2 ACPI AML tables successfully acquired and loaded
[    0.004000] APIC: Switch to symmetric I/O mode setup
[    0.004000] ..TIMER: vector=0x30 apic1=0 pin1=2 apic2=-1 pin2=-1
[    0.004036] tsc: Detected 1991.999 MHz processor
[    0.012010] Calibrating delay loop (skipped) preset value.. 3983.99 BogoMIPS (lpj=7967996)
[    0.016002] pid_max: default: 32768 minimum: 301
[    0.020071] Security Framework initialized
[    0.022636] Yama: becoming mindful.
[    0.024020] AppArmor: AppArmor initialized
[    0.034063] Dentry cache hash table entries: 131072 (order: 8, 1048576 bytes)
[    0.037868] Inode-cache hash table entries: 65536 (order: 7, 524288 bytes)
[    0.040065] Mount-cache hash table entries: 2048 (order: 2, 16384 bytes)
[    0.044080] Mountpoint-cache hash table entries: 2048 (order: 2, 16384 bytes)
[    0.049122] Last level iTLB entries: 4KB 64, 2MB 8, 4MB 8
[    0.052002] Last level dTLB entries: 4KB 64, 2MB 0, 4MB 0, 1GB 4
[    0.056003] Spectre V1 : Mitigation: usercopy/swapgs barriers and __user pointer sanitization
[    0.060002] Spectre V2 : Mitigation: Full generic retpoline
[    0.064002] Spectre V2 : Spectre v2 / SpectreRSB mitigation: Filling RSB on context switch
[    0.068003] Speculative Store Bypass: Vulnerable
[    0.072036] MDS: Mitigation: Clear CPU buffers
[    0.084021] Freeing SMP alternatives memory: 36K
[    0.196391] smpboot: CPU0: Intel(R) Core(TM) i7-8550U CPU @ 1.80GHz (family: 0x6, model: 0x8e, stepping: 0xa)
[    0.200387] Performance Events: unsupported p6 CPU model 142 no PMU driver, software events only.
[    0.204100] Hierarchical SRCU implementation.
[    0.208781] NMI watchdog: Perf event create on CPU 0 failed with -2
[    0.212002] NMI watchdog: Perf NMI watchdog permanently disabled
[    0.216282] smp: Bringing up secondary CPUs ...
[    0.220002] smp: Brought up 1 node, 1 CPU
[    0.224002] smpboot: Max logical packages: 1
[    0.228003] smpboot: Total of 1 processors activated (3983.99 BogoMIPS)
[    0.232256] devtmpfs: initialized
[    0.236078] x86/mm: Memory block size: 128MB
[    0.240518] evm: security.selinux
[    0.244004] evm: security.SMACK64
[    0.246529] evm: security.SMACK64EXEC
[    0.248002] evm: security.SMACK64TRANSMUTE
[    0.252002] evm: security.SMACK64MMAP
[    0.256003] evm: security.apparmor
[    0.259076] evm: security.ima
[    0.260002] evm: security.capability
[    0.264328] clocksource: jiffies: mask: 0xffffffff max_cycles: 0xffffffff, max_idle_ns: 7645041785100000 ns
[    0.268007] futex hash table entries: 256 (order: 2, 16384 bytes)
[    0.272089] pinctrl core: initialized pinctrl subsystem
[    0.276300] RTC time: 10:41:12, date: 06/24/20
[    0.280350] NET: Registered protocol family 16
[    0.283132] audit: initializing netlink subsys (disabled)
[    0.288515] cpuidle: using governor ladder
[    0.292004] audit: type=2000 audit(1592995278.624:1): state=initialized audit_enabled=0 res=1
[    0.296004] cpuidle: using governor menu
[    0.300030] ACPI: bus type PCI registered
[    0.304002] acpiphp: ACPI Hot Plug PCI Controller Driver version: 0.5
[    0.308348] PCI: Using configuration type 1 for base access
[    0.313811] HugeTLB registered 2.00 MiB page size, pre-allocated 0 pages
[    0.316691] ACPI: Added _OSI(Module Device)
[    0.320003] ACPI: Added _OSI(Processor Device)
[    0.322892] ACPI: Added _OSI(3.0 _SCP Extensions)
[    0.324002] ACPI: Added _OSI(Processor Aggregator Device)
[    0.328007] ACPI: Added _OSI(Linux-Dell-Video)
[    0.332011] ACPI: Added _OSI(Linux-Lenovo-NV-HDMI-Audio)
[    0.336003] ACPI: Added _OSI(Linux-HPI-Hybrid-Graphics)
[    0.340602] ACPI: Executed 1 blocks of module-level executable AML code
[    0.348780] ACPI: Interpreter enabled
[    0.351469] ACPI: (supports S0 S5)
[    0.352003] ACPI: Using IOAPIC for interrupt routing
[    0.360051] PCI: Using host bridge windows from ACPI; if necessary, use "pci=nocrs" and report a bug
[    0.364173] ACPI: Enabled 2 GPEs in block 00 to 07
[    0.376907] ACPI: PCI Root Bridge [PCI0] (domain 0000 [bus 00-ff])
[    0.380007] acpi PNP0A03:00: _OSC: OS supports [ASPM ClockPM Segments MSI]
[    0.384625] acpi PNP0A03:00: _OSC: not requesting OS control; OS requires [ExtendedConfig ASPM ClockPM MSI]
[    0.388027] acpi PNP0A03:00: fail to add MMCONFIG information, can't access extended PCI configuration space under this bridge.
[    0.392545] PCI host bridge to bus 0000:00
[    0.396007] pci_bus 0000:00: root bus resource [io  0x0000-0x0cf7 window]
[    0.400006] pci_bus 0000:00: root bus resource [io  0x0d00-0xffff window]
[    0.404004] pci_bus 0000:00: root bus resource [mem 0x000a0000-0x000bffff window]
[    0.408004] pci_bus 0000:00: root bus resource [mem 0x40000000-0xfdffffff window]
[    0.412008] pci_bus 0000:00: root bus resource [bus 00-ff]
[    0.421007] pci 0000:00:01.1: legacy IDE quirk: reg 0x10: [io  0x01f0-0x01f7]
[    0.424007] pci 0000:00:01.1: legacy IDE quirk: reg 0x14: [io  0x03f6]
[    0.428003] pci 0000:00:01.1: legacy IDE quirk: reg 0x18: [io  0x0170-0x0177]
[    0.432004] pci 0000:00:01.1: legacy IDE quirk: reg 0x1c: [io  0x0376]
[    0.501655] pci 0000:00:07.0: quirk: [io  0x4000-0x403f] claimed by PIIX4 ACPI
[    0.504020] pci 0000:00:07.0: quirk: [io  0x4100-0x410f] claimed by PIIX4 SMB
[    0.520809] ACPI: PCI Interrupt Link [LNKA] (IRQs 5 9 10 *11)
[    0.524441] ACPI: PCI Interrupt Link [LNKB] (IRQs 5 9 *10 11)
[    0.528139] ACPI: PCI Interrupt Link [LNKC] (IRQs 5 *9 10 11)
[    0.532138] ACPI: PCI Interrupt Link [LNKD] (IRQs 5 9 10 *11)
[    0.536646] SCSI subsystem initialized
[    0.540195] pci 0000:00:02.0: vgaarb: setting as boot VGA device
[    0.544000] pci 0000:00:02.0: vgaarb: VGA device added: decodes=io+mem,owns=io+mem,locks=none
[    0.544006] pci 0000:00:02.0: vgaarb: bridge control possible
[    0.548002] vgaarb: loaded
[    0.552069] ACPI: bus type USB registered
[    0.556019] usbcore: registered new interface driver usbfs
[    0.560010] usbcore: registered new interface driver hub
[    0.564031] usbcore: registered new device driver usb
[    0.568141] EDAC MC: Ver: 3.0.0
[    0.576067] PCI: Using ACPI for IRQ routing
[    0.580527] NetLabel: Initializing
[    0.584002] NetLabel:  domain hash size = 128
[    0.588002] NetLabel:  protocols = UNLABELED CIPSOv4 CALIPSO
[    0.592085] NetLabel:  unlabeled traffic allowed by default
[    0.596246] clocksource: Switched to clocksource kvm-clock
[    0.649248] VFS: Disk quotas dquot_6.6.0
[    0.653049] VFS: Dquot-cache hash table entries: 512 (order 0, 4096 bytes)
[    0.658501] AppArmor: AppArmor Filesystem Enabled
[    0.661860] pnp: PnP ACPI init
[    0.665125] pnp: PnP ACPI: found 3 devices
[    0.675050] clocksource: acpi_pm: mask: 0xffffff max_cycles: 0xffffff, max_idle_ns: 2085701024 ns
[    0.682192] NET: Registered protocol family 2
[    0.686088] TCP established hash table entries: 8192 (order: 4, 65536 bytes)
[    0.691556] TCP bind hash table entries: 8192 (order: 5, 131072 bytes)
[    0.697232] TCP: Hash tables configured (established 8192 bind 8192)
[    0.701758] UDP hash table entries: 512 (order: 2, 16384 bytes)
[    0.705438] UDP-Lite hash table entries: 512 (order: 2, 16384 bytes)
[    0.710285] NET: Registered protocol family 1
[    0.713588] pci 0000:00:00.0: Limiting direct PCI/PCI transfers
[    0.717741] pci 0000:00:01.0: Activating ISA DMA hang workarounds
[    0.721539] pci 0000:00:02.0: Video device with shadowed ROM at [mem 0x000c0000-0x000dffff]
[    0.726753] Unpacking initramfs...
[    1.227533] Freeing initrd memory: 19208K
[    1.231594] clocksource: tsc: mask: 0xffffffffffffffff max_cycles: 0x396d4ffc055, max_idle_ns: 881590662783 ns
[    1.238925] platform rtc_cmos: registered platform RTC device (no PNP device found)
[    1.245036] Scanning for low memory corruption every 60 seconds
[    1.249299] Initialise system trusted keyrings
[    1.252473] Key type blacklist registered
[    1.255174] workingset: timestamp_bits=36 max_order=18 bucket_order=0
[    1.263501] zbud: loaded
[    1.267051] squashfs: version 4.0 (2009/01/31) Phillip Lougher
[    1.271111] fuse init (API version 7.26)
[    1.275723] Key type asymmetric registered
[    1.279631] Asymmetric key parser 'x509' registered
[    1.283205] Block layer SCSI generic (bsg) driver version 0.4 loaded (major 246)
[    1.288465] io scheduler noop registered
[    1.290836] io scheduler deadline registered
[    1.294465] io scheduler cfq registered (default)
[    1.298388] ACPI: AC Adapter [AC] (on-line)
[    1.301447] input: Power Button as /devices/LNXSYSTM:00/LNXPWRBN:00/input/input0
[    1.306023] ACPI: Power Button [PWRF]
[    1.308898] input: Sleep Button as /devices/LNXSYSTM:00/LNXSLPBN:00/input/input1
[    1.313474] ACPI: Sleep Button [SLPF]
[    1.317113] ACPI: Battery Slot [BAT0] (battery present)
[    1.321312] Serial: 8250/16550 driver, 32 ports, IRQ sharing enabled
[    1.352704] 00:02: ttyS0 at I/O 0x3f8 (irq = 4, base_baud = 115200) is a 16550A
[    1.360418] Linux agpgart interface v0.103
[    1.370733] loop: module loaded
[    1.374299] scsi host0: ata_piix
[    1.377400] scsi host1: ata_piix
[    1.380526] ata1: PATA max UDMA/33 cmd 0x1f0 ctl 0x3f6 bmdma 0xd000 irq 14
[    1.385296] ata2: PATA max UDMA/33 cmd 0x170 ctl 0x376 bmdma 0xd008 irq 15
[    1.390935] libphy: Fixed MDIO Bus: probed
[    1.393775] tun: Universal TUN/TAP device driver, 1.6
[    1.397400] PPP generic driver version 2.4.2
[    1.400272] ehci_hcd: USB 2.0 'Enhanced' Host Controller (EHCI) Driver
[    1.405111] ehci-pci: EHCI PCI platform driver
[    1.407959] ehci-platform: EHCI generic platform driver
[    1.412607] ohci_hcd: USB 1.1 'Open' Host Controller (OHCI) Driver
[    1.418064] ohci-pci: OHCI PCI platform driver
[    1.421161] ohci-platform: OHCI generic platform driver
[    1.424572] uhci_hcd: USB Universal Host Controller Interface driver
[    1.428714] i8042: PNP: PS/2 Controller [PNP0303:PS2K,PNP0f03:PS2M] at 0x60,0x64 irq 1,12
[    1.436491] serio: i8042 KBD port at 0x60,0x64 irq 1
[    1.440601] serio: i8042 AUX port at 0x60,0x64 irq 12
[    1.443684] mousedev: PS/2 mouse device common for all mice
[    1.449303] input: AT Translated Set 2 keyboard as /devices/platform/i8042/serio0/input/input2
[    1.456648] rtc_cmos rtc_cmos: rtc core: registered rtc_cmos as rtc0
[    1.460998] rtc_cmos rtc_cmos: alarms up to one day, 114 bytes nvram
[    1.465553] i2c /dev entries driver
[    1.468575] device-mapper: uevent: version 1.0.3
[    1.471578] device-mapper: ioctl: 4.37.0-ioctl (2017-09-20) initialised: dm-devel@redhat.com
[    1.477808] ledtrig-cpu: registered to indicate activity on CPUs
[    1.482766] NET: Registered protocol family 10
[    1.488608] Segment Routing with IPv6
[    1.491853] NET: Registered protocol family 17
[    1.497006] Key type dns_resolver registered
[    1.500344] mce: Using 0 MCE banks
[    1.503214] RAS: Correctable Errors collector initialized.
[    1.507420] sched_clock: Marking stable (1507374534, 0)->(2072511569, -565137035)
[    1.513350] registered taskstats version 1
[    1.515848] Loading compiled-in X.509 certificates
[    1.521840] Loaded X.509 cert 'Build time autogenerated kernel key: b1772ce3e036cbf6bf2b7e9ed9be0f8806d61091'
[    1.529066] zswap: loaded using pool lzo/zbud
[    1.534556] Key type big_key registered
[    1.537539] Key type trusted registered
[    1.541988] Key type encrypted registered
[    1.545226] AppArmor: AppArmor sha1 policy hashing enabled
[    1.598608] ima: No TPM chip found, activating TPM-bypass! (rc=-19)
[    1.603733] ima: Allocated hash algorithm: sha1
[    1.607173] evm: HMAC attrs: 0x1
[    1.610822]   Magic number: 8:994:679
[    1.613474] rtc_cmos rtc_cmos: setting system clock to 2020-06-24 10:41:13 UTC (1592995273)
[    1.618580] BIOS EDD facility v0.16 2004-Jun-25, 0 devices found
[    1.623267] EDD information not available.
[    1.628828] Freeing unused kernel image memory: 2436K
[    1.640434] Write protecting the kernel read-only data: 20480k
[    1.650122] Freeing unused kernel image memory: 2008K
[    1.656269] Freeing unused kernel image memory: 1872K
[    1.667889] x86/mm: Checked W+X mappings: passed, no W+X pages found.
[    1.673500] x86/mm: Checking user space page tables
[    1.680986] x86/mm: Checked W+X mappings: passed, no W+X pages found.
Loading, please wait...
starting version 237
[    1.795257] e1000: Intel(R) PRO/1000 Network Driver - version 7.3.21-k8-NAPI
[    1.801513] e1000: Copyright (c) 1999-2006 Intel Corporation.
[    1.811224] Fusion MPT base driver 3.04.20
[    1.814196] Copyright (c) 1999-2008 LSI Corporation
[    1.861082] Fusion MPT SPI Host driver 3.04.20
[    2.078815] input: ImExPS/2 Generic Explorer Mouse as /devices/platform/i8042/serio1/input/input4
[    2.525509] e1000 0000:00:03.0 eth0: (PCI:33MHz:32-bit) 02:08:97:ad:f6:aa
[    2.530425] e1000 0000:00:03.0 eth0: Intel(R) PRO/1000 Network Connection
[    2.536503] mptbase: ioc0: Initiating bringup
[    2.636627] ioc0: LSI53C1030 A0: Capabilities={Initiator}
[    2.921092] scsi host2: ioc0: LSI53C1030 A0, FwRev=00000000h, Ports=1, MaxQ=256, IRQ=20
[    3.100768] scsi 2:0:0:0: Direct-Access     VBOX     HARDDISK         1.0  PQ: 0 ANSI: 5
[    3.116804] scsi target2:0:0: Beginning Domain Validation
[    3.123471] random: fast init done
[    3.131106] scsi target2:0:0: Domain Validation skipping write tests
[    3.136451] scsi target2:0:0: Ending Domain Validation
[    3.139932] scsi target2:0:0: asynchronous
[    3.146305] scsi 2:0:1:0: Direct-Access     VBOX     HARDDISK         1.0  PQ: 0 ANSI: 5
[    3.160314] scsi target2:0:1: Beginning Domain Validation
[    3.244313] scsi target2:0:1: Domain Validation skipping write tests
[    3.248927] scsi target2:0:1: Ending Domain Validation
[    3.260898] scsi target2:0:1: asynchronous
[    3.385344] sd 2:0:0:0: Attached scsi generic sg0 type 0
[    3.390562] sd 2:0:0:0: [sda] 20971520 512-byte logical blocks: (10.7 GB/10.0 GiB)
[    3.395946] random: systemd-udevd: uninitialized urandom read (16 bytes read)
[    3.402264] sd 2:0:0:0: [sda] Write Protect is off
[    3.407448] sd 2:0:1:0: [sdb] 20480 512-byte logical blocks: (10.5 MB/10.0 MiB)
[    3.413283] sd 2:0:1:0: Attached scsi generic sg1 type 0
[    3.424947] sd 2:0:1:0: [sdb] Write Protect is off
[    3.428925] sd 2:0:0:0: [sda] Incomplete mode parameter data
[    3.433244] sd 2:0:0:0: [sda] Assuming drive cache: write through
[    3.437244] sd 2:0:1:0: [sdb] Incomplete mode parameter data
[    3.441257] sd 2:0:1:0: [sdb] Assuming drive cache: write through
[    3.444971] random: systemd-udevd: uninitialized urandom read (16 bytes read)
[    3.458955] random: systemd-udevd: uninitialized urandom read (16 bytes read)
[    3.474801]  sda: sda1
[    3.480996] sd 2:0:1:0: [sdb] Attached SCSI disk
[    3.501373] sd 2:0:0:0: [sda] Attached SCSI disk
[    3.887206] e1000 0000:00:08.0 eth1: (PCI:33MHz:32-bit) 08:00:27:38:24:a2
[    3.893074] e1000 0000:00:08.0 eth1: Intel(R) PRO/1000 Network Connection
[    3.900378] e1000 0000:00:08.0 enp0s8: renamed from eth1
[    3.916601] e1000 0000:00:03.0 enp0s3: renamed from eth0
Begin: Loading essential drivers ... [    5.950651] raid6: sse2x1   gen() 12667 MB/s
[    6.004094] raid6: sse2x1   xor()  9195 MB/s
[    6.057145] raid6: sse2x2   gen() 14615 MB/s
[    6.112100] raid6: sse2x2   xor() 10448 MB/s
[    6.164564] raid6: sse2x4   gen() 17446 MB/s
[    6.220073] raid6: sse2x4   xor() 10933 MB/s
[    6.224083] raid6: using algorithm sse2x4 gen() 17446 MB/s
[    6.227485] raid6: .... xor() 10933 MB/s, rmw enabled
[    6.231162] raid6: using ssse3x2 recovery algorithm
[    6.236844] xor: measuring software checksum speed
[    6.348112]    prefetch64-sse: 56073.000 MB/sec
[    6.456112]    generic_sse: 52661.000 MB/sec
[    6.460035] xor: using function: prefetch64-sse (56073.000 MB/sec)
[    6.465691] async_tx: api initialized (async)
done.
Begin: Running /scripts/init-premount ... done.
Begin: Mounting root file system ... Begin: Running /scripts/local-top ... done.
Begin: Running /scripts/local-premount ... [    6.527883] Btrfs loaded, crc32c=crc32c-intel
Scanning for Btrfs filesystems
done.
Warning: fsck not present, so skipping root file system
[    6.583350] EXT4-fs (sda1): mounted filesystem with ordered data mode. Opts: (null)
done.
Begin: Running /scripts/local-bottom ... done.
Begin: Running /scripts/init-bottom ... done.
[    6.831488] ip_tables: (C) 2000-2006 Netfilter Core Team
[    6.854477] systemd[1]: systemd 237 running in system mode. (+PAM +AUDIT +SELINUX +IMA +APPARMOR +SMACK +SYSVINIT +UTMP +LIBCRYPTSETUP +GCRYPT +GNUTLS +ACL +XZ +LZ4 +SECCOMP +BLKID +ELFUTILS +KMOD -IDN2 +IDN -PCRE2 default-hierarchy=hybrid)
[    6.873053] systemd[1]: Detected virtualization oracle.
[    6.876855] systemd[1]: Detected architecture x86-64.

Welcome to [1mUbuntu 18.04.4 LTS[0m!

[    6.884406] systemd[1]: Set hostname to <ubuntu>.
[    6.896785] systemd[1]: Initializing machine ID from random generator.
[    6.901735] systemd[1]: Installed transient /etc/machine-id file.
[    7.321360] systemd[1]: Created slice User and Session Slice.
[[0;32m  OK  [0m] Created slice User and Session Slice.
[    7.327503] systemd[1]: Reached target Swap.
[[0;32m  OK  [0m] Reached target Swap.
[    7.335199] systemd[1]: Started Forward Password Requests to Wall Directory Watch.
[[0;32m  OK  [0m] Started Forward Password Requests to Wall Directory Watch.
[    7.343109] systemd[1]: Set up automount Arbitrary Executable File Formats File System Automount Point.
[[0;32m  OK  [0m] Set up automount Arbitrary Executab…rmats File System Automount Point.
[[0;32m  OK  [0m] Created slice System Slice.
[[0;32m  OK  [0m] Listening on LVM2 metadata daemon socket.
[[0;32m  OK  [0m] Listening on /dev/initctl Compatibility Named Pipe.
[[0;32m  OK  [0m] Listening on Journal Socket.
         Mounting Kernel Debug File System...
         Mounting POSIX Message Queue File System...
         Mounting Huge Pages File System...
         Starting Remount Root and Kernel File Systems...
[[0;32m  OK  [0m] Listening on Journal Socket (/dev/log).
[[0;32m  OK  [0m] Listening on Syslog Socket.
[[0;32m  OK  [0m] Listening on LVM2 poll daemon socket.
[[0;32m  OK  [0m] [    7.417277] EXT4-fs (sda1): re-mounted. Opts: (null)
Listening on udev Control Socket.
         Starting Set the console keyboard layout...
[[0;32m  OK  [0m] Listening on Network Service Netlink Socket.
[[0;32m  OK  [0m] Listening on Journal Audit Socket.
[[0;32m  OK  [0m] Reached target Slices.
         Starting Create list of required st…ce nodes for the current kernel...
[[0;32m  OK  [0m] Reached target System Time Synchronized.
         Starting Journal Service...
[[0;32m  OK  [0m] Listening on Device-mapper event daemon FIFOs.
         Starting Monitoring of LVM2 mirrors…ng dmeventd or progress polling...
[[0;32m  OK  [0m] Listening on udev Kernel Socket.
         Starting udev Coldplug all Devices...
         Starting Uncomplicated firewall...
[[0;32m  OK  [0m] Reached target User and Group Name Lookups.
         Starting Load Kernel Modules...
[[0;32m  OK  [0m] Created slice system-serial\x2dgetty.slice.
[[0;32m  OK  [0m] Started Journal Service.
[[0;32m  OK  [0m] Mounted Kernel Debug File System.
[[0;32m  OK  [0m] Mounted POSIX Message Queue File System.
[[0;32m  OK  [0m] Mounted Huge Pages File System.
[[0;32m  OK  [0m] Started Remount Root and Kernel File Systems.
[[0;32m  OK  [0m] Started Create list of required sta…vice nodes for the current kernel.
[[0;32m  OK  [0m] Started Uncomplicated firewall.
         Starting Create Static Device Nodes in /dev...
         Starting Load/Save Random Seed...
[    7.625662] Loading iSCSI transport class v2.0-870.
         Starting Flush Journal to Persistent Storage...
[[0;32m  OK  [0m] Started Load/Save Random Seed.
[[0;32m  OK  [0m] Started LVM2 metadata daemon.
[    7.696950] iscsi: registered transport (tcp)
[    7.712065] systemd-journald[379]: Received request to flush runtime journal from PID 1
[[0;32m  OK  [0m] Started Create Static Device Nodes in /dev.
         Starting udev Kernel Device Manager...
[[0;32m  OK  [0m] Started Monitoring of LVM2 mirrors,…sing dmeventd or progress polling.
[[0;32m  OK  [0m] Started udev Coldplug all Devices.
[[0;32m  OK  [0m] Started Set the console keyboard layout.
[[0;32m  OK  [0m] Reached target Local File Systems (Pre).
[[0;32m  OK  [0m] Reached target Local File Systems.
         Starting Commit a transient machine-id on disk...
         Starting ebtables ruleset management...
         Starting Tell Plymouth To Write Out Runtime Data...
         Starting Set console font and keymap...
         Starting AppArmor initialization...
[[0;32m  OK  [0m] Started udev Kernel Device Manager.
[[0;32m  OK  [0m] Started Dispatch Password Requests to Console Directory Watch.
[[0;32m  OK  [0m] Reached target Local Encrypted Volumes.
[    7.875169] iscsi: registered transport (iser)
[[0;32m  OK  [0m] Started Load Kernel Modules.
         Mounting FUSE Control File System...
         Mounting Kernel Configuration File System...
         Starting Apply Kernel Variables...
[[0;32m  OK  [0m] Mounted FUSE Control File System.
[[0;32m  OK  [0m] Mounted Kernel Configuration File System.
[[0;32m  OK  [0m] Started Tell Plymouth To Write Out Runtime Data.
[[0;32m  OK  [0m] Started Set console font and keymap.
[[0;32m  OK  [0m] Started Commit a transient machine-id on disk.
[[0;32m  OK  [0m] Started Flush Journal to Persistent Storage.
         Starting Create Volatile Files and Directories...
[[0;32m  OK  [0m] Started Apply Kernel Variables.
[[0;32m  OK  [0m] Started Create Volatile Files and Directories.
         Starting Update UTMP about System Boot/Shutdown...
[[0;32m  OK  [0m] Started ebtables ruleset management.
[[0;32m  OK  [0m] Started Update UTMP about System Boot/Shutdown.
[[0;32m  OK  [0m] Found device /dev/ttyS0.
[[0;32m  OK  [0m] Listening on Load/Save RF Kill Switch Status /dev/rfkill Watch.
[[0;32m  OK  [0m] Started AppArmor initialization.
         Starting Initial cloud-init job (pre-networking)...
[   11.134993] cloud-init[521]: Cloud-init v. 19.4-33-gbb4131a2-0ubuntu1~18.04.1 running 'init-local' at Wed, 24 Jun 2020 10:41:22 +0000. Up 10.73 seconds.
[[0;32m  OK  [0m] Started Initial cloud-init job (pre-networking).
[[0;32m  OK  [0m] Reached target Network (Pre).
         Starting Network Service...
[[0;32m  OK  [0m] Started Network Service.
         Starting Network Name Resolution...
         Starting Wait for Network to be Configured...
[[0;32m  OK  [0m] Started Network Name Resolution.
[[0;32m  OK  [0m] Reached target Host and Network Name Lookups.
[[0;32m  OK  [0m] Reached target Network.
[[0;32m  OK  [0m] Started Wait for Network to be Configured.
         Starting Initial cloud-init job (metadata service crawler)...
[   13.199876] cloud-init[634]: Cloud-init v. 19.4-33-gbb4131a2-0ubuntu1~18.04.1 running 'init' at Wed, 24 Jun 2020 10:41:24 +0000. Up 13.08 seconds.
[   13.208917] cloud-init[634]: ci-info: ++++++++++++++++++++++++++++++++++++++Net device info++++++++++++++++++++++++++++++++++++++
[   13.218765] cloud-init[634]: ci-info: +--------+-------+---------------------------+---------------+--------+-------------------+
[   13.229211] cloud-init[634]: ci-info: | Device |   Up  |          Address          |      Mask     | Scope  |     Hw-Address    |
[   13.242385] cloud-init[634]: ci-info: +--------+-------+---------------------------+---------------+--------+-------------------+
[   13.254720] cloud-init[634]: ci-info: | enp0s3 |  True |         10.0.2.15         | 255.255.255.0 | global | 02:08:97:ad:f6:aa |
[   13.264467] cloud-init[634]: ci-info: | enp0s3 |  True | fe80::8:97ff:fead:f6aa/64 |       .       |  link  | 02:08:97:ad:f6:aa |
[   13.271568] cloud-init[634]: ci-info: | enp0s8 | False |             .             |       .       |   .    | 08:00:27:38:24:a2 |
[   13.279284] cloud-init[634]: ci-info: |   lo   |  True |         127.0.0.1         |   255.0.0.0   |  host  |         .         |
[   13.293693] cloud-init[634]: ci-info: |   lo   |  True |          ::1/128          |       .       |  host  |         .         |
[   13.303137] cloud-init[634]: ci-info: +--------+-------+---------------------------+---------------+--------+-------------------+
[   13.313864] cloud-init[634]: ci-info: ++++++++++++++++++++++++++++Route IPv4 info+++++++++++++++++++++++++++++
[   13.321989] cloud-init[634]: ci-info: +-------+-------------+----------+-----------------+-----------+-------+
[   13.330730] cloud-init[634]: ci-info: | Route | Destination | Gateway  |     Genmask     | Interface | Flags |
[   13.338267] cloud-init[634]: ci-info: +-------+-------------+----------+-----------------+-----------+-------+
[   13.353805] cloud-init[634]: ci-info: |   0   |   0.0.0.0   | 10.0.2.2 |     0.0.0.0     |   enp0s3  |   UG  |
[   13.366917] cloud-init[634]: ci-info: |   1   |   10.0.2.0  | 0.0.0.0  |  255.255.255.0  |   enp0s3  |   U   |
[   13.378622] cloud-init[634]: ci-info: |   2   |   10.0.2.2  | 0.0.0.0  | 255.255.255.255 |   enp0s3  |   UH  |
[   13.390567] cloud-init[634]: ci-info: +-------+-------------+----------+-----------------+-----------+-------+
[   13.401101] cloud-init[634]: ci-info: +++++++++++++++++++Route IPv6 info+++++++++++++++++++
[   13.405941] cloud-init[634]: ci-info: +-------+-------------+---------+-----------+-------+
[   13.426099] cloud-init[634]: ci-info: | Route | Destination | Gateway | Interface | Flags |
[   13.447037] cloud-init[634]: ci-info: +-------+-------------+---------+-----------+-------+
[   13.472770] cloud-init[634]: ci-info: |   1   |  fe80::/64  |    ::   |   enp0s3  |   U   |
[   13.481095] cloud-init[634]: ci-info: |   3   |    local    |    ::   |   enp0s3  |   U   |
[   13.489486] cloud-init[634]: ci-info: |   4   |   ff00::/8  |    ::   |   enp0s3  |   U   |
[   13.501489] cloud-init[634]: ci-info: +-------+-------------+---------+-----------+-------+
[   14.002529] cloud-init[634]: Generating public/private rsa key pair.
[   14.010396] cloud-init[634]: Your identification has been saved in /etc/ssh/ssh_host_rsa_key.
[   14.032258] cloud-init[634]: Your public key has been saved in /etc/ssh/ssh_host_rsa_key.pub.
[   14.043371] cloud-init[634]: The key fingerprint is:
[   14.053191] cloud-init[634]: SHA256:8MFM7ALUWEhpVMooed9bzVVatsjomDcwU0vkv6prPFc root@ubuntu-bionic
[   14.057873] cloud-init[634]: The key's randomart image is:
[   14.066867] cloud-init[634]: +---[RSA 2048]----+
[[0;32m  OK  [0m] Started Initial cloud-init job (metadata service crawler).
[[0;32m  OK  [0m] Reached target Cloud-config availability.[   14.077326] cloud-init[634]: |   ++Bo...+   +  |
[[0;32m  OK  [0m] Reached target Network is Online.

[   14.085492] cloud-init[634]: | . o*..+.+ + * . |[[0;32m  OK  [0m] Reached target Remote File Systems (Pre).
[[0;32m  OK  [0m
[   14.098542] cloud-init[634]: ] Reached target Remote File Systems.
         Starting Availability of block devices...
[[0;32m  OK  [0m] Reached target System Initialization.
|o o.o...B + = .  |
[[0;32m  OK  [0m] Started ACPI Events Check.
[[0;32m  OK  [0m] Started Discard unused blocks once a week.
[   14.117809] cloud-init[634]: | o . ..o.@ o     |[[0;32m  OK  [0m] Listening on ACPID Listen Socket.
[[0;32m  OK  [0m] 
[   14.130703] cloud-init[634]: Started Message of the Day.
[[0;32m  OK  [0m] Started Daily Cleanup of Temporary Directories.
|    . ..S * .    |
[   14.139720] [[0;32m  OK  [0m] Listening on D-Bus System Message Bus Socket.
[[0;32m  OK  [0m] cloud-init[634]: |       o . .E.   |
Listening on UUID daemon activation socket.
         Starting Socket activation for snappy daemon.[   14.153046] cloud-init[634]: |      ..   ..    |

[[0;32m  OK  [0m] Listening on Open-iSCSI iscsid Socket.[   14.163765] 
cloud-init         Starting LXD - unix socket.[634]: |        + ..     |
[   14.169601] cloud-init[634]: |       .o=.      |
[[0;32m  OK  [0m] Started Daily apt download activities.
[[0;32m  OK  [0m] Started Daily apt upgrade and clean activities.
[[0;32m  OK  [0m] Reached target Timers.
[[0;32m  OK  [0m
[   14.187692] cloud-init[634]: +----[SHA256]-----+
] Reached target Paths.
[[0;32m  OK  [0m] Started Availability of block devices.
[[0;32m  OK  [0m] Listening on Socket activation for snappy daemon.
[[0;32m  OK  [0m] Listening on LXD - unix socket.
[   14.194963] cloud-init[634]: Generating public/private dsa key pair.
[[0;32m  OK  [0m] Reached target Sockets.
[[0;32m  OK  [0m] Reached target Basic System.
         Starting Login Service...[   14.229216] cloud-init[634]: Your identification has been saved in /etc/ssh/ssh_host_dsa_key.
         Starting Virtualbox guest utils...
[[0;32m  OK  [0m] Started irqbalance daemon.
         Starting System Logging Service...
         Starting Pollinate to seed the pseudo random number generator...
         Starting LSB: automatic crash report generation...
         Starting LSB: Record successful boot for GRUB...
[[0;32m  OK  [0m] Started FUSE filesystem for LXC.
         Starting Accounts Service...

[   14.292358] cloud-init[634]: Your public key has been saved in /etc/ssh/ssh_host_dsa_key.pub.
[[   14.328854] cloud-init[634]: The key fingerprint is:
[0;32m  OK  [0m] Started Regular background program processing daemon.
[   14.338115] cloud-init[634]: SHA256:T3++HmIDlEloLXBj35K7COwkUnf39HX0K2Vgg+CMftg root@ubuntu-bionic
[   14.351995] cloud-init[634]: The key's randomart image is:
[   14.372759] cloud-init[634]: +---[DSA 1024]----+
[   14.386183] cloud-init[634]: |      ..++o .+  .|
[   14.399529] cloud-init[634]: |       oB+.*. o..|
         Starting Dispatcher daemon for systemd-networkd...
[   14.412981] cloud-init         Starting Permit User Sessions...[634]: 
         Starting LXD - container startup/shutdown...
|    . .o.+O o  o+|[[0;32m  OK  [0m] Started Deferred execution scheduler.
[[0;32m  OK  [0m] Started D-Bus System Message Bus.

[   14.460562] cloud-init[634]: |   . o..oo = .o.o|
[   14.472339] cloud-init[634]: |  . . +oSE+ .... |
[   14.485711] cloud-init[634]: |   . + ..+ +  .  |
[   14.500594] cloud-init[634]: |      . . o = o  |
[   14.520747] cloud-init[634]: |           . = . |
[   14.536759] cloud-init[634]: |             .+. |
[   14.554389] cloud-init[634]: +----[SHA256]-----+
[   14.572022] cloud-init[634]: Generating public/private ecdsa key pair.
[   14.584139] cloud-init[634]: Your identification has been saved in /etc/ssh/ssh_host_ecdsa_key.
[   14.598970] [[0;32m  OK  [0m] Started Login Service.
[[0;32m  OK  [0m] Started Unattended Upgrades Shutdown.
cloud-init[634]: Your public key has been saved in /etc/ssh/ssh_host_ecdsa_key.pub.
[   14.620640] cloud-init[634]: The key fingerprint is:
[   14.643159] cloud-init[634]: SHA256:v4AOJTvM/OgfragUMD0YXf41tpNivtKX75GeE4v4f08 root@ubuntu-bionic
[   14.663443] cloud-init[634]: The key's randomart image is:
[   14.689721]          Starting Snappy daemon...
cloud-init[[0;32m  OK  [0m] Started System Logging Service.
[634]: [[0;32m  OK  [0m] Started Permit User Sessions.
+---[ECDSA 256]---+
[   14.772762] cloud-init[634]: |.. ..            |
[   14.784932] cloud-init[634]: | +..             |         Starting Authorization Manager...
         Starting Hold until boot process finishes up...
         Starting Terminate Plymouth Boot Screen...

[[0;32m  OK  [0m] Started Hold until boot process finishes up.
[   14.838890] [[0;32m  OK  [0m] Started Serial Getty on ttyS0.
         Starting Set console scheme...
[[0;32m  OK  [0m] Started Terminate Plymouth Boot Screen.
cloud-init[634]: |+ o .   +        |
[[0;32m  OK  [0m] Started LXD - container startup/shutdown.
[   14.983849] [[0;32m  OK  [0m] Started LSB: automatic crash report generation.
cloud-init[[0;32m  OK  [0m] Started Set console scheme.[634]: | o . . o +       |
[[0;32m  OK  [0m
] Created slice system-getty.slice.
[[0;32m  OK  [0m] Started Getty on tty1.
[[0;32m  OK  [0m] Reached target Login Prompts.
[[0;32m  OK  [0m] Started LSB: Record successful boot for GRUB.
[   15.026300] cloud-init[634]: |  . . = S        |
[[0;32m  OK  [0m] Started Authorization Manager.
[[0;32m  OK  [0m[   15.057358] ] Started Accounts Service.
cloud-init[634]: |   = * + o..     |
[   15.080328] cloud-init[634]: |  . B.+.oo+o  E  |
[   15.092280] cloud-init[634]: | .  .Bo++oo+..   |
[   15.104539] cloud-init[634]: |  .o+o*o.+Bo ..  |
[   15.116712] cloud-init[634]: +----[SHA256]-----+
[   15.137647] cloud-init[634]: Generating public/private ed25519 key pair.
[   15.181093] cloud-init[634]: Your identification has been saved in /etc/ssh/ssh_host_ed25519_key.
[   15.204348] cloud-init[634]: Your public key has been saved in /etc/ssh/ssh_host_ed25519_key.pub.
[   15.224198] cloud-init[634]: The key fingerprint is:
[   15.236621] cloud-init[634]: SHA256:GW9PKHXM6dZzNpCaa4OXNmvaf+EQOMare0Cacfp4By0 root@ubuntu-bionic
[   15.266500] cloud-init[634]: The key's randomart image is:
[   15.287119] cloud-init[634]: +--[ED25519 256]--+
[   15.306686] cloud-init[634]: |                 |
[   15.317768] cloud-init[634]: |           o ..  |
[   15.327968] cloud-init[634]: |        . o *o   |
[   15.348373] cloud-init[634]: |       . B Ooo.  |
[   15.362474] cloud-init[634]: |        S *o* +.o|
[   15.368539] cloud-init[634]: |       + E.*o. =.|
[   15.380360] cloud-init[634]: |        o.=O. o .|
[   15.390399] cloud-init[634]: |       . +=++  o |
[   15.406283] cloud-init[634]: |        .o*o...  |
[   15.420247] cloud-init[634]: +----[SHA256]-----+
[[0;32m  OK  [0m] Started Virtualbox guest utils.
[[0;32m  OK  [0m] Started Dispatcher daemon for systemd-networkd.
[[0;32m  OK  [0m] Started Snappy daemon.
         Starting Wait until snapd is fully seeded...

Ubuntu 18.04.4 LTS ubuntu-bionic ttyS0

ubuntu-bionic login: [   24.522074] cloud-init[961]: Cloud-init v. 19.4-33-gbb4131a2-0ubuntu1~18.04.1 running 'modules:config' at Wed, 24 Jun 2020 10:41:35 +0000. Up 23.95 seconds.
ci-info: no authorized SSH keys fingerprints found for user ubuntu.
<14>Jun 24 10:41:38 ec2: 
<14>Jun 24 10:41:38 ec2: #############################################################
<14>Jun 24 10:41:38 ec2: -----BEGIN SSH HOST KEY FINGERPRINTS-----
<14>Jun 24 10:41:38 ec2: 1024 SHA256:T3++HmIDlEloLXBj35K7COwkUnf39HX0K2Vgg+CMftg root@ubuntu-bionic (DSA)
<14>Jun 24 10:41:38 ec2: 256 SHA256:v4AOJTvM/OgfragUMD0YXf41tpNivtKX75GeE4v4f08 root@ubuntu-bionic (ECDSA)
<14>Jun 24 10:41:38 ec2: 256 SHA256:GW9PKHXM6dZzNpCaa4OXNmvaf+EQOMare0Cacfp4By0 root@ubuntu-bionic (ED25519)
<14>Jun 24 10:41:38 ec2: 2048 SHA256:8MFM7ALUWEhpVMooed9bzVVatsjomDcwU0vkv6prPFc root@ubuntu-bionic (RSA)
<14>Jun 24 10:41:38 ec2: -----END SSH HOST KEY FINGERPRINTS-----
<14>Jun 24 10:41:38 ec2: #############################################################
-----BEGIN SSH HOST KEY KEYS-----
ecdsa-sha2-nistp256 AAAAE2VjZHNhLXNoYTItbmlzdHAyNTYAAAAIbmlzdHAyNTYAAABBBAYPICjyTLKTLIcrO3FmaLYDgNx62+/zvlE0j+C99f+E7nEp+a6AhUxFFpQyN5+KkdGFbwN1NlPX2e1IaCayvkI= root@ubuntu-bionic
ssh-ed25519 AAAAC3NzaC1lZDI1NTE5AAAAIAdUF/xG4u1TN5sq9dINweyWYaPwy8A34vicyJ2vBti2 root@ubuntu-bionic
ssh-rsa AAAAB3NzaC1yc2EAAAADAQABAAABAQDNMNWXE4NDCa2AZ4rhvZ2kQeKi0lJdBSy8rd5g6i1kFSu//LXOq6ZvlNUa6/6pR1p8akfS6s2FZ0AQvBCg3agBL931Ze21tgDWxMyYDpiRid31r6K8zgr55zFKEhkv/fCarqGCIKjOK7h3H7TSk2ZVpksbjGWzH49D2WJwV6x2dli09gc8jGYlKCJ0Jnp9547QZs4/ZLwDpi265Kd4a/vWaglcN4WSsgTveXH04la/DTXuGbfk/hXadN4/Isdy8dhU7dzCzwWuRy7AobuaV008KSrzH6rPbOcfUimIisk1stZfLi2Goxag0hMq2+kWak6eg5ATn9iXkUf1cDZKabDp root@ubuntu-bionic
-----END SSH HOST KEY KEYS-----
[   27.040732] cloud-init[1028]: Cloud-init v. 19.4-33-gbb4131a2-0ubuntu1~18.04.1 running 'modules:final' at Wed, 24 Jun 2020 10:41:38 +0000. Up 26.65 seconds.
[   27.072889] cloud-init[1028]: ci-info: no authorized SSH keys fingerprints found for user ubuntu.
[   27.079364] cloud-init[1028]: Cloud-init v. 19.4-33-gbb4131a2-0ubuntu1~18.04.1 finished at Wed, 24 Jun 2020 10:41:38 +0000. Datasource DataSourceNoCloud [seed=/dev/sdb][dsmode=net].  Up 27.02 seconds
